---------------------------------------------------------------
[ 2017-08-25T00:32:45+08:00 ] ::1 ::1 GET /freshmanservice/a&q/index/index/answer.html
[ info ] localhost/freshmanservice/a&q/index/index/answer.html [运行时间：0.055273s][吞吐率：18.09req/s] [内存消耗：2,518.86kb] [文件加载：48]
[ info ] [ LANG ] D:\wamp64\www\freshmanservice\a&q\thinkphp\lang\zh-cn.php
[ info ] [ ROUTE ] array (
  'type' => 'module',
  'module' => 
  array (
    0 => 'index',
    1 => 'index',
    2 => 'answer',
  ),
)
[ info ] [ HEADER ] array (
  'host' => 'localhost',
  'connection' => 'keep-alive',
  'upgrade-insecure-requests' => '1',
  'user-agent' => 'Mozilla/5.0 (Windows NT 10.0; Win64; x64) AppleWebKit/537.36 (KHTML, like Gecko) Chrome/60.0.3112.90 Safari/537.36',
  'accept' => 'text/html,application/xhtml+xml,application/xml;q=0.9,image/webp,image/apng,*/*;q=0.8',
  'referer' => 'http://localhost/freshmanservice/a&q/index/index.html',
  'accept-encoding' => 'gzip, deflate, br',
  'accept-language' => 'zh-CN,zh;q=0.8',
  'cookie' => 'Phpstorm-5547fa09=783ade7a-de49-4ae0-b7a2-0e4ea33c1bea; Phpstorm-bd2926e8=857be1c2-e28b-476d-b13e-3a6d848fae47; pgv_pvi=2761342976; _ga=GA1.1.1437015703.1490101787',
)
[ info ] [ PARAM ] array (
)
[ info ] [ RUN ] app\index\controller\Index->answer[ D:\wamp64\www\freshmanservice\a&q\application\index\controller\Index.php ]
[ info ] [ VIEW ] D:\wamp64\www\freshmanservice\a&q/application/index\view\index\answer.html [ array (
) ]
[ info ] [ LOG ] INIT File
